<?xml version="1.0" encoding="UTF-8"?>
<testng-results skipped="0" failed="0" total="1" passed="1">
  <reporter-output>
  </reporter-output>
  <suite name="Suite" duration-ms="174701" started-at="2020-07-29T14:39:33Z" finished-at="2020-07-29T14:42:28Z">
    <groups>
      <group name="cucumber">
        <method signature="AbstractTestNGCucumberTests.feature(cucumber.api.testng.CucumberFeatureWrapper)[pri:0, instance:com.elearning.testRunners.E_learning_TestRunner@42e26948]" name="feature" class="cucumber.api.testng.AbstractTestNGCucumberTests"/>
      </group> <!-- cucumber -->
    </groups>
    <test name="Test" duration-ms="174701" started-at="2020-07-29T14:39:33Z" finished-at="2020-07-29T14:42:28Z">
      <class name="com.elearning.testRunners.E_learning_TestRunner">
        <test-method status="PASS" signature="setUpClass()[pri:0, instance:com.elearning.testRunners.E_learning_TestRunner@42e26948]" name="setUpClass" is-config="true" duration-ms="189" started-at="2020-07-29T20:09:33Z" finished-at="2020-07-29T20:09:34Z">
          <reporter-output>
          </reporter-output>
        </test-method> <!-- setUpClass -->
        <test-method status="PASS" signature="feature(cucumber.api.testng.CucumberFeatureWrapper)[pri:0, instance:com.elearning.testRunners.E_learning_TestRunner@42e26948]" name="feature" duration-ms="174156" started-at="2020-07-29T20:09:34Z" description="Runs Cucumber Feature" data-provider="features" finished-at="2020-07-29T20:12:28Z">
          <params>
            <param index="0">
              <value>
                <![CDATA[Registration on eLearning]]>
              </value>
            </param>
          </params>
          <reporter-output>
          </reporter-output>
        </test-method> <!-- feature -->
        <test-method status="PASS" signature="writeExtentReport()[pri:0, instance:com.elearning.testRunners.E_learning_TestRunner@42e26948]" name="writeExtentReport" is-config="true" duration-ms="26" started-at="2020-07-29T20:12:28Z" finished-at="2020-07-29T20:12:28Z">
          <reporter-output>
          </reporter-output>
        </test-method> <!-- writeExtentReport -->
        <test-method status="PASS" signature="tearDownClass()[pri:0, instance:com.elearning.testRunners.E_learning_TestRunner@42e26948]" name="tearDownClass" is-config="true" duration-ms="260" started-at="2020-07-29T20:12:28Z" finished-at="2020-07-29T20:12:28Z">
          <reporter-output>
          </reporter-output>
        </test-method> <!-- tearDownClass -->
      </class> <!-- com.elearning.testRunners.E_learning_TestRunner -->
    </test> <!-- Test -->
  </suite> <!-- Suite -->
</testng-results>
