<?xml version="1.0" encoding="UTF-8"?>
<testng-results skipped="0" failed="0" ignored="0" total="1" passed="1">
  <reporter-output>
  </reporter-output>
  <suite name="Suite" duration-ms="7823" started-at="2020-10-12T07:49:59Z" finished-at="2020-10-12T07:50:07Z">
    <groups>
      <group name="cucumber">
        <method signature="AbstractTestNGCucumberTests.feature(cucumber.api.testng.CucumberFeatureWrapper)[pri:0, instance:com.elearning.testRunners.E_learning_TestRunner@490ab905]" name="feature" class="cucumber.api.testng.AbstractTestNGCucumberTests"/>
      </group> <!-- cucumber -->
    </groups>
    <test name="Test" duration-ms="7823" started-at="2020-10-12T07:49:59Z" finished-at="2020-10-12T07:50:07Z">
      <class name="com.elearning.testRunners.E_learning_TestRunner">
        <test-method status="PASS" signature="setUpClass()[pri:0, instance:com.elearning.testRunners.E_learning_TestRunner@490ab905]" name="setUpClass" is-config="true" duration-ms="220" started-at="2020-10-12T07:49:59Z" finished-at="2020-10-12T07:49:59Z">
          <reporter-output>
          </reporter-output>
        </test-method> <!-- setUpClass -->
        <test-method status="PASS" signature="feature(cucumber.api.testng.CucumberFeatureWrapper)[pri:0, instance:com.elearning.testRunners.E_learning_TestRunner@490ab905]" name="feature" duration-ms="7270" started-at="2020-10-12T07:49:59Z" description="Runs Cucumber Feature" data-provider="features" finished-at="2020-10-12T07:50:07Z">
          <params>
            <param index="0">
              <value>
                <![CDATA[Login on linkedIn]]>
              </value>
            </param>
          </params>
          <reporter-output>
          </reporter-output>
        </test-method> <!-- feature -->
        <test-method status="PASS" signature="writeExtentReport()[pri:0, instance:com.elearning.testRunners.E_learning_TestRunner@490ab905]" name="writeExtentReport" is-config="true" duration-ms="17" started-at="2020-10-12T07:50:07Z" finished-at="2020-10-12T07:50:07Z">
          <reporter-output>
          </reporter-output>
        </test-method> <!-- writeExtentReport -->
        <test-method status="PASS" signature="tearDownClass()[pri:0, instance:com.elearning.testRunners.E_learning_TestRunner@490ab905]" name="tearDownClass" is-config="true" duration-ms="226" started-at="2020-10-12T07:50:07Z" finished-at="2020-10-12T07:50:07Z">
          <reporter-output>
          </reporter-output>
        </test-method> <!-- tearDownClass -->
      </class> <!-- com.elearning.testRunners.E_learning_TestRunner -->
    </test> <!-- Test -->
  </suite> <!-- Suite -->
</testng-results>
